21/05/04 07:52:02 WARN NativeCodeLoader: Unable to load native-hadoop library for your platform... using builtin-java classes where applicable
21/05/04 07:52:02 INFO SecurityManager: Changing view acls to: katherinegoznikar
21/05/04 07:52:02 INFO SecurityManager: Changing modify acls to: katherinegoznikar
21/05/04 07:52:02 INFO SecurityManager: Changing view acls groups to: 
21/05/04 07:52:02 INFO SecurityManager: Changing modify acls groups to: 
21/05/04 07:52:02 INFO SecurityManager: SecurityManager: authentication disabled; ui acls disabled; users  with view permissions: Set(katherinegoznikar); groups with view permissions: Set(); users  with modify permissions: Set(katherinegoznikar); groups with modify permissions: Set()
21/05/04 07:52:02 INFO HiveConf: Found configuration file file:/Users/katherinegoznikar/spark/spark-3.0.1-bin-hadoop3.2/conf/hive-site.xml
21/05/04 07:52:03 INFO SparkContext: Running Spark version 3.0.1
21/05/04 07:52:03 INFO ResourceUtils: ==============================================================
21/05/04 07:52:03 INFO ResourceUtils: Resources for spark.driver:

21/05/04 07:52:03 INFO ResourceUtils: ==============================================================
21/05/04 07:52:03 INFO SparkContext: Submitted application: sparklyr
21/05/04 07:52:03 INFO SecurityManager: Changing view acls to: katherinegoznikar
21/05/04 07:52:03 INFO SecurityManager: Changing modify acls to: katherinegoznikar
21/05/04 07:52:03 INFO SecurityManager: Changing view acls groups to: 
21/05/04 07:52:03 INFO SecurityManager: Changing modify acls groups to: 
21/05/04 07:52:03 INFO SecurityManager: SecurityManager: authentication disabled; ui acls disabled; users  with view permissions: Set(katherinegoznikar); groups with view permissions: Set(); users  with modify permissions: Set(katherinegoznikar); groups with modify permissions: Set()
21/05/04 07:52:03 INFO Utils: Successfully started service 'sparkDriver' on port 49708.
21/05/04 07:52:03 INFO SparkEnv: Registering MapOutputTracker
21/05/04 07:52:03 INFO SparkEnv: Registering BlockManagerMaster
21/05/04 07:52:03 INFO BlockManagerMasterEndpoint: Using org.apache.spark.storage.DefaultTopologyMapper for getting topology information
21/05/04 07:52:03 INFO BlockManagerMasterEndpoint: BlockManagerMasterEndpoint up
21/05/04 07:52:03 INFO SparkEnv: Registering BlockManagerMasterHeartbeat
21/05/04 07:52:03 INFO DiskBlockManager: Created local directory at /private/var/folders/cs/8wl45cxd3cs8vgnbpxbvw80r0000gn/T/blockmgr-8a2b0ebf-92b0-4a0e-981b-9d02b455a956
21/05/04 07:52:03 INFO MemoryStore: MemoryStore started with capacity 912.3 MiB
21/05/04 07:52:03 INFO SparkEnv: Registering OutputCommitCoordinator
21/05/04 07:52:03 INFO Utils: Successfully started service 'SparkUI' on port 4040.
21/05/04 07:52:03 INFO SparkUI: Bound SparkUI to 127.0.0.1, and started at http://localhost:4040
21/05/04 07:52:03 INFO SparkContext: Added JAR file:/Library/Frameworks/R.framework/Versions/4.0/Resources/library/sparklyr/java/sparklyr-3.0-2.12.jar at spark://localhost:49708/jars/sparklyr-3.0-2.12.jar with timestamp 1620129123617
21/05/04 07:52:03 INFO Executor: Starting executor ID driver on host localhost
21/05/04 07:52:03 INFO Utils: Successfully started service 'org.apache.spark.network.netty.NettyBlockTransferService' on port 49710.
21/05/04 07:52:03 INFO NettyBlockTransferService: Server created on localhost:49710
21/05/04 07:52:03 INFO BlockManager: Using org.apache.spark.storage.RandomBlockReplicationPolicy for block replication policy
21/05/04 07:52:03 INFO BlockManagerMaster: Registering BlockManager BlockManagerId(driver, localhost, 49710, None)
21/05/04 07:52:03 INFO BlockManagerMasterEndpoint: Registering block manager localhost:49710 with 912.3 MiB RAM, BlockManagerId(driver, localhost, 49710, None)
21/05/04 07:52:03 INFO BlockManagerMaster: Registered BlockManager BlockManagerId(driver, localhost, 49710, None)
21/05/04 07:52:03 INFO BlockManager: Initialized BlockManager: BlockManagerId(driver, localhost, 49710, None)
21/05/04 07:52:03 INFO SharedState: loading hive config file: file:/Users/katherinegoznikar/spark/spark-3.0.1-bin-hadoop3.2/conf/hive-site.xml
21/05/04 07:52:03 INFO SharedState: Setting hive.metastore.warehouse.dir ('null') to the value of spark.sql.warehouse.dir ('file:/Users/katherinegoznikar/Projects/sparklyrExtensionScala/spark-warehouse').
21/05/04 07:52:03 INFO SharedState: Warehouse path is 'file:/Users/katherinegoznikar/Projects/sparklyrExtensionScala/spark-warehouse'.
21/05/04 07:52:06 INFO HiveUtils: Initializing HiveMetastoreConnection version 2.3.7 using Spark classes.
21/05/04 07:52:06 INFO HiveConf: Found configuration file file:/Users/katherinegoznikar/spark/spark-3.0.1-bin-hadoop3.2/conf/hive-site.xml
21/05/04 07:52:06 INFO SessionState: Created HDFS directory: /tmp/hive/katherinegoznikar
21/05/04 07:52:06 INFO SessionState: Created local directory: /var/folders/cs/8wl45cxd3cs8vgnbpxbvw80r0000gn/T/katherinegoznikar
21/05/04 07:52:06 INFO SessionState: Created HDFS directory: /tmp/hive/katherinegoznikar/58f22eee-d9bd-45f6-be5e-1dbef7cd841b
21/05/04 07:52:06 INFO SessionState: Created local directory: /var/folders/cs/8wl45cxd3cs8vgnbpxbvw80r0000gn/T/katherinegoznikar/58f22eee-d9bd-45f6-be5e-1dbef7cd841b
21/05/04 07:52:07 INFO SessionState: Created HDFS directory: /tmp/hive/katherinegoznikar/58f22eee-d9bd-45f6-be5e-1dbef7cd841b/_tmp_space.db
21/05/04 07:52:07 INFO HiveClientImpl: Warehouse location for Hive client (version 2.3.7) is file:/Users/katherinegoznikar/Projects/sparklyrExtensionScala/spark-warehouse
21/05/04 07:52:07 WARN HiveConf: HiveConf of name hive.stats.jdbc.timeout does not exist
21/05/04 07:52:07 WARN HiveConf: HiveConf of name hive.stats.retries.wait does not exist
21/05/04 07:52:07 INFO HiveMetaStore: 0: Opening raw store with implementation class:org.apache.hadoop.hive.metastore.ObjectStore
21/05/04 07:52:07 INFO ObjectStore: ObjectStore, initialize called
21/05/04 07:52:07 INFO Persistence: Property hive.metastore.integral.jdo.pushdown unknown - will be ignored
21/05/04 07:52:07 INFO Persistence: Property datanucleus.cache.level2 unknown - will be ignored
21/05/04 07:52:08 INFO ObjectStore: Setting MetaStore object pin classes with hive.metastore.cache.pinobjtypes="Table,StorageDescriptor,SerDeInfo,Partition,Database,Type,FieldSchema,Order"
21/05/04 07:52:10 INFO MetaStoreDirectSql: Using direct SQL, underlying DB is DERBY
21/05/04 07:52:10 INFO ObjectStore: Initialized ObjectStore
21/05/04 07:52:10 WARN ObjectStore: Version information not found in metastore. hive.metastore.schema.verification is not enabled so recording the schema version 2.3.0
21/05/04 07:52:10 WARN ObjectStore: setMetaStoreSchemaVersion called but recording version is disabled: version = 2.3.0, comment = Set by MetaStore katherinegoznikar@127.0.0.1
21/05/04 07:52:10 WARN ObjectStore: Failed to get database default, returning NoSuchObjectException
21/05/04 07:52:10 INFO HiveMetaStore: Added admin role in metastore
21/05/04 07:52:10 INFO HiveMetaStore: Added public role in metastore
21/05/04 07:52:10 INFO HiveMetaStore: No user is added in admin role, since config is empty
21/05/04 07:52:10 INFO HiveMetaStore: 0: get_all_functions
21/05/04 07:52:10 INFO audit: ugi=katherinegoznikar	ip=unknown-ip-addr	cmd=get_all_functions	
21/05/04 07:52:10 INFO HiveMetaStore: 0: get_database: default
21/05/04 07:52:10 INFO audit: ugi=katherinegoznikar	ip=unknown-ip-addr	cmd=get_database: default	
21/05/04 07:52:10 INFO HiveMetaStore: 0: get_database: global_temp
21/05/04 07:52:10 INFO audit: ugi=katherinegoznikar	ip=unknown-ip-addr	cmd=get_database: global_temp	
21/05/04 07:52:10 WARN ObjectStore: Failed to get database global_temp, returning NoSuchObjectException
21/05/04 07:52:10 INFO HiveMetaStore: 0: get_database: default
21/05/04 07:52:10 INFO audit: ugi=katherinegoznikar	ip=unknown-ip-addr	cmd=get_database: default	
21/05/04 07:52:10 INFO HiveMetaStore: 0: get_database: default
21/05/04 07:52:10 INFO audit: ugi=katherinegoznikar	ip=unknown-ip-addr	cmd=get_database: default	
21/05/04 07:52:10 INFO HiveMetaStore: 0: get_tables: db=default pat=*
21/05/04 07:52:10 INFO audit: ugi=katherinegoznikar	ip=unknown-ip-addr	cmd=get_tables: db=default pat=*	
21/05/04 07:52:11 INFO CodeGenerator: Code generated in 190.917226 ms
21/05/04 07:52:11 INFO CodeGenerator: Code generated in 12.569672 ms
21/05/04 07:52:11 INFO SparkContext: Starting job: count at utils.scala:135
21/05/04 07:52:11 INFO DAGScheduler: Registering RDD 2 (count at utils.scala:135) as input to shuffle 0
21/05/04 07:52:11 INFO DAGScheduler: Got job 0 (count at utils.scala:135) with 1 output partitions
21/05/04 07:52:11 INFO DAGScheduler: Final stage: ResultStage 1 (count at utils.scala:135)
21/05/04 07:52:11 INFO DAGScheduler: Parents of final stage: List(ShuffleMapStage 0)
21/05/04 07:52:11 INFO DAGScheduler: Missing parents: List()
21/05/04 07:52:11 INFO DAGScheduler: Submitting ResultStage 1 (MapPartitionsRDD[5] at count at utils.scala:135), which has no missing parents
21/05/04 07:52:11 INFO MemoryStore: Block broadcast_0 stored as values in memory (estimated size 10.1 KiB, free 912.3 MiB)
21/05/04 07:52:11 INFO MemoryStore: Block broadcast_0_piece0 stored as bytes in memory (estimated size 5.0 KiB, free 912.3 MiB)
21/05/04 07:52:11 INFO BlockManagerInfo: Added broadcast_0_piece0 in memory on localhost:49710 (size: 5.0 KiB, free: 912.3 MiB)
21/05/04 07:52:11 INFO SparkContext: Created broadcast 0 from broadcast at DAGScheduler.scala:1223
21/05/04 07:52:11 INFO DAGScheduler: Submitting 1 missing tasks from ResultStage 1 (MapPartitionsRDD[5] at count at utils.scala:135) (first 15 tasks are for partitions Vector(0))
21/05/04 07:52:11 INFO TaskSchedulerImpl: Adding task set 1.0 with 1 tasks
21/05/04 07:52:11 INFO TaskSetManager: Starting task 0.0 in stage 1.0 (TID 0, localhost, executor driver, partition 0, PROCESS_LOCAL, 7325 bytes)
21/05/04 07:52:11 INFO Executor: Running task 0.0 in stage 1.0 (TID 0)
21/05/04 07:52:11 INFO Executor: Fetching spark://localhost:49708/jars/sparklyr-3.0-2.12.jar with timestamp 1620129123617
21/05/04 07:52:12 INFO TransportClientFactory: Successfully created connection to localhost/127.0.0.1:49708 after 18 ms (0 ms spent in bootstraps)
21/05/04 07:52:12 INFO Utils: Fetching spark://localhost:49708/jars/sparklyr-3.0-2.12.jar to /private/var/folders/cs/8wl45cxd3cs8vgnbpxbvw80r0000gn/T/spark-e68c5240-10b9-4642-8e34-7968297673d8/userFiles-fd1982de-b0d5-499f-bf0b-4f6e1cc3c10e/fetchFileTemp8482270302497634871.tmp
21/05/04 07:52:12 INFO Executor: Adding file:/private/var/folders/cs/8wl45cxd3cs8vgnbpxbvw80r0000gn/T/spark-e68c5240-10b9-4642-8e34-7968297673d8/userFiles-fd1982de-b0d5-499f-bf0b-4f6e1cc3c10e/sparklyr-3.0-2.12.jar to class loader
21/05/04 07:52:12 INFO ShuffleBlockFetcherIterator: Getting 0 (0.0 B) non-empty blocks including 0 (0.0 B) local and 0 (0.0 B) host-local and 0 (0.0 B) remote blocks
21/05/04 07:52:12 INFO ShuffleBlockFetcherIterator: Started 0 remote fetches in 4 ms
21/05/04 07:52:12 INFO Executor: Finished task 0.0 in stage 1.0 (TID 0). 2641 bytes result sent to driver
21/05/04 07:52:12 INFO TaskSetManager: Finished task 0.0 in stage 1.0 (TID 0) in 342 ms on localhost (executor driver) (1/1)
21/05/04 07:52:12 INFO TaskSchedulerImpl: Removed TaskSet 1.0, whose tasks have all completed, from pool 
21/05/04 07:52:12 INFO DAGScheduler: ResultStage 1 (count at utils.scala:135) finished in 0.570 s
21/05/04 07:52:12 INFO DAGScheduler: Job 0 is finished. Cancelling potential speculative or zombie tasks for this job
21/05/04 07:52:12 INFO TaskSchedulerImpl: Killing all running tasks in stage 1: Stage finished
21/05/04 07:52:12 INFO DAGScheduler: Job 0 finished: count at utils.scala:135, took 0.610908 s
21/05/04 07:56:03 INFO BlockManagerInfo: Removed broadcast_0_piece0 on localhost:49710 in memory (size: 5.0 KiB, free: 912.3 MiB)
21/05/04 08:05:57 INFO SparkContext: Invoking stop() from shutdown hook
21/05/04 08:05:57 INFO SparkUI: Stopped Spark web UI at http://localhost:4040
21/05/04 08:05:57 INFO MapOutputTrackerMasterEndpoint: MapOutputTrackerMasterEndpoint stopped!
21/05/04 08:05:57 INFO MemoryStore: MemoryStore cleared
21/05/04 08:05:57 INFO BlockManager: BlockManager stopped
21/05/04 08:05:57 INFO BlockManagerMaster: BlockManagerMaster stopped
21/05/04 08:05:57 INFO OutputCommitCoordinator$OutputCommitCoordinatorEndpoint: OutputCommitCoordinator stopped!
21/05/04 08:05:57 INFO SparkContext: Successfully stopped SparkContext
21/05/04 08:05:57 INFO ShutdownHookManager: Shutdown hook called
21/05/04 08:05:57 INFO ShutdownHookManager: Deleting directory /private/var/folders/cs/8wl45cxd3cs8vgnbpxbvw80r0000gn/T/spark-e68c5240-10b9-4642-8e34-7968297673d8
21/05/04 08:05:57 INFO ShutdownHookManager: Deleting directory /private/var/folders/cs/8wl45cxd3cs8vgnbpxbvw80r0000gn/T/spark-51be95f2-a08c-4889-b452-baffa2cc6ae3
